The system is: Windows - 10.0.22621 - AMD64
Compiling the C compiler identification source file "CMakeCCompilerId.c" succeeded.
Compiler: C:/MinGW/bin/gcc.exe 
Build flags: 
Id flags:  

The output was:
0


Compilation of the C compiler identification source "CMakeCCompilerId.c" produced "a.exe"

The C compiler identification is GNU, found in "D:/GitHub/kcp/build/CMakeFiles/3.20.21032501-MSVC_2/CompilerIdC/a.exe"

Determining if the C compiler works passed with the following output:
Change Dir: D:/GitHub/kcp/build/CMakeFiles/CMakeTmp

Run Build Command(s):C:/MinGW/bin/mingw32-make.exe -f Makefile cmTC_fd21f/fast && C:/MinGW/bin/mingw32-make.exe  -f CMakeFiles\cmTC_fd21f.dir\build.make CMakeFiles/cmTC_fd21f.dir/build
mingw32-make.exe[1]: Entering directory 'D:/GitHub/kcp/build/CMakeFiles/CMakeTmp'
Building C object CMakeFiles/cmTC_fd21f.dir/testCCompiler.c.obj
C:\MinGW\bin\gcc.exe    -o CMakeFiles\cmTC_fd21f.dir\testCCompiler.c.obj -c D:\GitHub\kcp\build\CMakeFiles\CMakeTmp\testCCompiler.c
Linking C executable cmTC_fd21f.exe
"C:\Program Files (x86)\Microsoft Visual Studio\2019\Community\Common7\IDE\CommonExtensions\Microsoft\CMake\CMake\bin\cmake.exe" -E cmake_link_script CMakeFiles\cmTC_fd21f.dir\link.txt --verbose=1
"C:\Program Files (x86)\Microsoft Visual Studio\2019\Community\Common7\IDE\CommonExtensions\Microsoft\CMake\CMake\bin\cmake.exe" -E rm -f CMakeFiles\cmTC_fd21f.dir/objects.a
C:\MinGW\bin\ar.exe cr CMakeFiles\cmTC_fd21f.dir/objects.a @CMakeFiles\cmTC_fd21f.dir\objects1.rsp
C:\MinGW\bin\gcc.exe -Wl,--whole-archive CMakeFiles\cmTC_fd21f.dir/objects.a -Wl,--no-whole-archive -o cmTC_fd21f.exe -Wl,--out-implib,libcmTC_fd21f.dll.a -Wl,--major-image-version,0,--minor-image-version,0 @CMakeFiles\cmTC_fd21f.dir\linklibs.rsp
mingw32-make.exe[1]: Leaving directory 'D:/GitHub/kcp/build/CMakeFiles/CMakeTmp'



Compiling the CXX compiler identification source file "CMakeCXXCompilerId.cpp" succeeded.
Compiler: C:/MinGW/bin/g++.exe 
Build flags: 
Id flags:  

The output was:
0


Compilation of the CXX compiler identification source "CMakeCXXCompilerId.cpp" produced "a.exe"

The CXX compiler identification is GNU, found in "D:/GitHub/kcp/build/CMakeFiles/3.20.21032501-MSVC_2/CompilerIdCXX/a.exe"

Determining if the CXX compiler works passed with the following output:
Change Dir: D:/GitHub/kcp/build/CMakeFiles/CMakeTmp

Run Build Command(s):C:/MinGW/bin/mingw32-make.exe -f Makefile cmTC_76975/fast && C:/MinGW/bin/mingw32-make.exe  -f CMakeFiles\cmTC_76975.dir\build.make CMakeFiles/cmTC_76975.dir/build
mingw32-make.exe[1]: Entering directory 'D:/GitHub/kcp/build/CMakeFiles/CMakeTmp'
Building CXX object CMakeFiles/cmTC_76975.dir/testCXXCompiler.cxx.obj
C:\MinGW\bin\g++.exe    -o CMakeFiles\cmTC_76975.dir\testCXXCompiler.cxx.obj -c D:\GitHub\kcp\build\CMakeFiles\CMakeTmp\testCXXCompiler.cxx
Linking CXX executable cmTC_76975.exe
"C:\Program Files (x86)\Microsoft Visual Studio\2019\Community\Common7\IDE\CommonExtensions\Microsoft\CMake\CMake\bin\cmake.exe" -E cmake_link_script CMakeFiles\cmTC_76975.dir\link.txt --verbose=1
"C:\Program Files (x86)\Microsoft Visual Studio\2019\Community\Common7\IDE\CommonExtensions\Microsoft\CMake\CMake\bin\cmake.exe" -E rm -f CMakeFiles\cmTC_76975.dir/objects.a
C:\MinGW\bin\ar.exe cr CMakeFiles\cmTC_76975.dir/objects.a @CMakeFiles\cmTC_76975.dir\objects1.rsp
C:\MinGW\bin\g++.exe -Wl,--whole-archive CMakeFiles\cmTC_76975.dir/objects.a -Wl,--no-whole-archive -o cmTC_76975.exe -Wl,--out-implib,libcmTC_76975.dll.a -Wl,--major-image-version,0,--minor-image-version,0 @CMakeFiles\cmTC_76975.dir\linklibs.rsp
mingw32-make.exe[1]: Leaving directory 'D:/GitHub/kcp/build/CMakeFiles/CMakeTmp'



